<?xml version="1.0" encoding="UTF-8"?>
<!-- Generated by org.testng.reporters.JUnitReportReporter -->
<testsuite hostname="SMRUTI-SOURAV" failures="0" tests="8" name="com.sdw.dataprovider.DataProviderWithExcel" time="0.030" errors="0" timestamp="03 Feb 2024 13:54:47 GMT" skipped="0">
  <testcase classname="com.sdw.dataprovider.DataProviderWithExcel" name="test2ExcelHash" time="0.002"/>
  <testcase classname="com.sdw.dataprovider.DataProviderWithExcel" name="test2ExcelHash" time="0.006"/>
  <testcase classname="com.sdw.dataprovider.DataProviderWithExcel" name="test2ExcelHash" time="0.002"/>
  <testcase classname="com.sdw.dataprovider.DataProviderWithExcel" name="test2ExcelHash" time="0.004"/>
  <testcase classname="com.sdw.dataprovider.DataProviderWithExcel" name="test1Excel" time="0.004"/>
  <testcase classname="com.sdw.dataprovider.DataProviderWithExcel" name="test1Excel" time="0.003"/>
  <testcase classname="com.sdw.dataprovider.DataProviderWithExcel" name="test1Excel" time="0.007"/>
  <testcase classname="com.sdw.dataprovider.DataProviderWithExcel" name="test1Excel" time="0.002"/>
</testsuite> <!-- com.sdw.dataprovider.DataProviderWithExcel -->
