<?xml version="1.0" encoding="UTF-8"?>
<!-- Generated by org.testng.reporters.JUnitReportReporter -->
<testsuite hostname="SMRUTI-SOURAV" failures="0" tests="2" name="com.sdw.tests.Home" time="20.959" errors="0" timestamp="16 Jan 2024 10:16:58 GMT" skipped="0">
  <testcase classname="com.sdw.tests.Home" name="test1" time="9.405"/>
  <testcase classname="com.sdw.tests.Home" name="test2" time="11.554"/>
</testsuite> <!-- com.sdw.tests.Home -->
