<?xml version="1.0" encoding="UTF-8"?>
<!-- Generated by org.testng.reporters.JUnitReportReporter -->
<testsuite hostname="SMRUTI-SOURAV" failures="0" tests="1" name="com.sdw.tests.LoginClass" time="6.194" errors="0" timestamp="09 Jan 2024 19:03:22 GMT" skipped="0">
  <testcase classname="com.sdw.tests.LoginClass" name="test1" time="6.194"/>
</testsuite> <!-- com.sdw.tests.LoginClass -->
