<?xml version="1.0" encoding="UTF-8"?>
<!-- Generated by org.testng.reporters.JUnitReportReporter -->
<testsuite hostname="SMRUTI-SOURAV" failures="0" tests="2" name="com.sdw.tests.LoginClass" time="34.208" errors="0" timestamp="16 Jan 2024 15:04:00 GMT" skipped="0">
  <testcase classname="com.sdw.tests.LoginClass" name="testSite1" time="19.749"/>
  <testcase classname="com.sdw.tests.LoginClass" name="test" time="14.459"/>
</testsuite> <!-- com.sdw.tests.LoginClass -->
