<?xml version="1.0" encoding="UTF-8"?>
<!-- Generated by org.testng.reporters.JUnitReportReporter -->
<testsuite hostname="SMRUTI-SOURAV" failures="0" tests="1" name="com.sdw.tests.OrangeHRMTest" time="29.966" errors="0" timestamp="16 Jan 2024 17:52:52 GMT" skipped="0">
  <testcase classname="com.sdw.tests.OrangeHRMTest" name="loginTest" time="29.966"/>
</testsuite> <!-- com.sdw.tests.OrangeHRMTest -->
