<?xml version="1.0" encoding="UTF-8"?>
<!-- Generated by org.testng.reporters.JUnitReportReporter -->
<testsuite hostname="SMRUTI-SOURAV" failures="0" tests="1" name="com.sdw.tests.LoginClass" time="10.792" errors="0" timestamp="10 Jan 2024 19:06:32 GMT" skipped="0">
  <testcase classname="com.sdw.tests.LoginClass" name="test1" time="10.792"/>
</testsuite> <!-- com.sdw.tests.LoginClass -->
