<?xml version="1.0" encoding="UTF-8"?>
<!-- Generated by org.testng.reporters.JUnitReportReporter -->
<testsuite hostname="SMRUTI-SOURAV" failures="0" tests="3" name="com.sdw.tests.Home" time="17.926" errors="0" timestamp="16 Jan 2024 15:04:00 GMT" skipped="0">
  <testcase classname="com.sdw.tests.Home" name="test2" time="5.934"/>
  <testcase classname="com.sdw.tests.Home" name="test1" time="6.402"/>
  <testcase classname="com.sdw.tests.Home" name="test3" time="5.590"/>
</testsuite> <!-- com.sdw.tests.Home -->
