<?xml version="1.0" encoding="UTF-8"?>
<!-- Generated by org.testng.reporters.JUnitReportReporter -->
<testsuite hostname="SMRUTI-SOURAV" failures="0" tests="1" name="com.sdw.tests.OrangeHRMTest" time="36.996" errors="0" timestamp="24 Jan 2024 06:02:14 GMT" skipped="0">
  <testcase classname="com.sdw.tests.OrangeHRMTest" name="loginTest" time="36.996"/>
</testsuite> <!-- com.sdw.tests.OrangeHRMTest -->
