<?xml version="1.0" encoding="UTF-8"?>
<!-- Generated by org.testng.reporters.JUnitReportReporter -->
<testsuite hostname="SMRUTI-SOURAV" failures="0" tests="1" name="com.sdw.tests.OrangeHRMTest" time="41.186" errors="0" timestamp="04 Feb 2024 09:35:13 GMT" skipped="0">
  <testcase classname="com.sdw.tests.OrangeHRMTest" name="loginTest" time="41.186"/>
</testsuite> <!-- com.sdw.tests.OrangeHRMTest -->
