<?xml version="1.0" encoding="UTF-8"?>
<!-- Generated by org.testng.reporters.JUnitReportReporter -->
<testsuite hostname="SMRUTI-SOURAV" failures="0" tests="1" name="com.sdw.tests.LoginClass" time="7.973" errors="0" timestamp="10 Jan 2024 19:32:16 GMT" skipped="0">
  <testcase classname="com.sdw.tests.LoginClass" name="test1" time="7.973"/>
</testsuite> <!-- com.sdw.tests.LoginClass -->
