<?xml version="1.0" encoding="UTF-8"?>
<!-- Generated by org.testng.reporters.JUnitReportReporter -->
<testsuite hostname="SMRUTI-SOURAV" failures="0" tests="1" name="com.sdw.tests.Home" time="7.749" errors="0" timestamp="10 Jan 2024 19:33:22 GMT" skipped="0">
  <testcase classname="com.sdw.tests.Home" name="test1" time="7.749"/>
</testsuite> <!-- com.sdw.tests.Home -->
